<?xml version="1.0" encoding="UTF-8"?>
<testsuite xmlns:xsi="http://www.w3.org/2001/XMLSchema-instance" xsi:noNamespaceSchemaLocation="https://maven.apache.org/surefire/maven-surefire-plugin/xsd/surefire-test-report-3.0.xsd" version="3.0" name="com.stackOverFlow.StackOverFlowTest" time="38.082" tests="3" errors="0" skipped="0" failures="3">
  <properties>
[...]
</properties>
  <testcase name="mainTest" classname="com.stackOverFlow.StackOverFlowTest" time="37.854">
    <failure message="В превью вопроса не найдено слово &quot;WebDriver&quot;" type="java.lang.AssertionError">java.lang.AssertionError: В превью вопроса не найдено слово "WebDriver"
	at com.stackOverFlow.StackOverFlowTest.checkWordInPreviewTextQuestion(StackOverFlowTest.java:41)
	at com.stackOverFlow.StackOverFlowTest.mainTest(StackOverFlowTest.java:107)
</failure>
    <system-err><![CDATA[SLF4J: Failed to load class "org.slf4j.impl.StaticLoggerBinder".
SLF4J: Defaulting to no-operation (NOP) logger implementation
SLF4J: See http://www.slf4j.org/codes.html#StaticLoggerBinder for further details.
Starting ChromeDriver 78.0.3904.11 (eaaae9de6b8999773fa33f92ce1e1bbe294437cf-refs/branch-heads/3904@{#86}) on port 46754
Only local connections are allowed.
Please protect ports used by ChromeDriver and related test frameworks to prevent access by malicious code.
Nov 07, 2019 4:54:33 AM org.openqa.selenium.remote.ProtocolHandshake createSession
INFO: Detected dialect: W3C
]]></system-err>
  </testcase>
  <testcase name="mainTest" classname="com.stackOverFlow.StackOverFlowTest" time="37.855">
    <failure message="В превью вопроса не найдено слово &quot;WebDriver&quot;" type="java.lang.AssertionError">java.lang.AssertionError: В превью вопроса не найдено слово "WebDriver"
	at com.stackOverFlow.StackOverFlowTest.checkWordInPreviewTextQuestion(StackOverFlowTest.java:41)
	at com.stackOverFlow.StackOverFlowTest.mainTest(StackOverFlowTest.java:107)
</failure>
  </testcase>
  <testcase name="mainTest" classname="com.stackOverFlow.StackOverFlowTest" time="37.855">
    <failure message="Искомое слово не содержится в тэге" type="java.lang.AssertionError">java.lang.AssertionError: Искомое слово не содержится в тэге
	at com.stackOverFlow.StackOverFlowTest.isContainTag(StackOverFlowTest.java:61)
	at com.stackOverFlow.StackOverFlowTest.mainTest(StackOverFlowTest.java:159)
</failure>
  </testcase>
</testsuite>